[*] adding 1th training image : ./DRIVE/training/images/21_training.tif
[*] adding 2th training image : ./DRIVE/training/images/22_training.tif
[*] adding 3th training image : ./DRIVE/training/images/23_training.tif
[*] adding 4th training image : ./DRIVE/training/images/24_training.tif
[*] adding 5th training image : ./DRIVE/training/images/25_training.tif
[*] adding 6th training image : ./DRIVE/training/images/26_training.tif
[*] adding 7th training image : ./DRIVE/training/images/27_training.tif
[*] adding 8th training image : ./DRIVE/training/images/28_training.tif
[*] adding 9th training image : ./DRIVE/training/images/29_training.tif
[*] adding 10th training image : ./DRIVE/training/images/30_training.tif
[*] adding 11th training image : ./DRIVE/training/images/31_training.tif
[*] adding 12th training image : ./DRIVE/training/images/32_training.tif
[*] adding 13th training image : ./DRIVE/training/images/33_training.tif
[*] adding 14th training image : ./DRIVE/training/images/34_training.tif
[*] adding 15th training image : ./DRIVE/training/images/35_training.tif
[*] adding 16th training image : ./DRIVE/training/images/36_training.tif
[*] adding 17th training image : ./DRIVE/training/images/37_training.tif
[*] adding 18th training image : ./DRIVE/training/images/38_training.tif
[*] adding 19th training image : ./DRIVE/training/images/39_training.tif
[*] adding 20th training image : ./DRIVE/training/images/40_training.tif
[*] adding 1th training label : ./DRIVE/training/1st_manual/21_manual1.gif
[*] adding 2th training label : ./DRIVE/training/1st_manual/22_manual1.gif
[*] adding 3th training label : ./DRIVE/training/1st_manual/23_manual1.gif
[*] adding 4th training label : ./DRIVE/training/1st_manual/24_manual1.gif
[*] adding 5th training label : ./DRIVE/training/1st_manual/25_manual1.gif
[*] adding 6th training label : ./DRIVE/training/1st_manual/26_manual1.gif
[*] adding 7th training label : ./DRIVE/training/1st_manual/27_manual1.gif
[*] adding 8th training label : ./DRIVE/training/1st_manual/28_manual1.gif
[*] adding 9th training label : ./DRIVE/training/1st_manual/29_manual1.gif
[*] adding 10th training label : ./DRIVE/training/1st_manual/30_manual1.gif
[*] adding 11th training label : ./DRIVE/training/1st_manual/31_manual1.gif
[*] adding 12th training label : ./DRIVE/training/1st_manual/32_manual1.gif
[*] adding 13th training label : ./DRIVE/training/1st_manual/33_manual1.gif
[*] adding 14th training label : ./DRIVE/training/1st_manual/34_manual1.gif
[*] adding 15th training label : ./DRIVE/training/1st_manual/35_manual1.gif
[*] adding 16th training label : ./DRIVE/training/1st_manual/36_manual1.gif
[*] adding 17th training label : ./DRIVE/training/1st_manual/37_manual1.gif
[*] adding 18th training label : ./DRIVE/training/1st_manual/38_manual1.gif
[*] adding 19th training label : ./DRIVE/training/1st_manual/39_manual1.gif
[*] adding 20th training label : ./DRIVE/training/1st_manual/40_manual1.gif
[*] adding 1th training mask : ./DRIVE/training/mask/21_training_mask.gif
[*] adding 2th training mask : ./DRIVE/training/mask/22_training_mask.gif
[*] adding 3th training mask : ./DRIVE/training/mask/23_training_mask.gif
[*] adding 4th training mask : ./DRIVE/training/mask/24_training_mask.gif
[*] adding 5th training mask : ./DRIVE/training/mask/25_training_mask.gif
[*] adding 6th training mask : ./DRIVE/training/mask/26_training_mask.gif
[*] adding 7th training mask : ./DRIVE/training/mask/27_training_mask.gif
[*] adding 8th training mask : ./DRIVE/training/mask/28_training_mask.gif
[*] adding 9th training mask : ./DRIVE/training/mask/29_training_mask.gif
[*] adding 10th training mask : ./DRIVE/training/mask/30_training_mask.gif
[*] adding 11th training mask : ./DRIVE/training/mask/31_training_mask.gif
[*] adding 12th training mask : ./DRIVE/training/mask/32_training_mask.gif
[*] adding 13th training mask : ./DRIVE/training/mask/33_training_mask.gif
[*] adding 14th training mask : ./DRIVE/training/mask/34_training_mask.gif
[*] adding 15th training mask : ./DRIVE/training/mask/35_training_mask.gif
[*] adding 16th training mask : ./DRIVE/training/mask/36_training_mask.gif
[*] adding 17th training mask : ./DRIVE/training/mask/37_training_mask.gif
[*] adding 18th training mask : ./DRIVE/training/mask/38_training_mask.gif
[*] adding 19th training mask : ./DRIVE/training/mask/39_training_mask.gif
[*] adding 20th training mask : ./DRIVE/training/mask/40_training_mask.gif
[+] ====== Start training... epoch 1 ======
[*] Epoch: 1, Iter: 1 current loss: 0.69115114
[*] Epoch: 1, Iter: 2 current loss: 0.69019121
